<?xml version="1.0" encoding="UTF-8"?>
<!-- Generated by org.testng.reporters.JUnitReportReporter -->
<testsuite skipped="0" hostname="surapaneni" name="Java_Programs.Fibonacci" tests="3" failures="0" timestamp="2020-11-04T01:01:36 IST" time="0.017" errors="0">
  <testcase name="forloop" time="0.011" classname="Java_Programs.Fibonacci"/>
  <system-out/>
  <testcase name="givenNumber" time="0.003" classname="Java_Programs.Fibonacci"/>
  <system-out/>
  <testcase name="whileloop" time="0.003" classname="Java_Programs.Fibonacci"/>
  <system-out/>
</testsuite> <!-- Java_Programs.Fibonacci -->
